[17:44:53] [ServerMain/INFO]: Environment: authHost='https://authserver.mojang.com', accountsHost='https://api.mojang.com', sessionHost='https://sessionserver.mojang.com', servicesHost='https://api.minecraftservices.com', name='PROD'
[17:44:54] [ServerMain/INFO]: Loaded 7 recipes
[17:44:54] [ServerMain/INFO]: Loaded 1271 advancements
[17:44:55] [Server thread/INFO]: Starting minecraft server version 1.20
[17:44:55] [Server thread/INFO]: Loading properties
[17:44:55] [Server thread/INFO]: Default game type: SURVIVAL
[17:44:55] [Server thread/INFO]: Generating keypair
[17:44:55] [Server console handler/ERROR]: Exception handling console input
java.io.IOException: The handle is invalid
	at java.io.FileInputStream.readBytes(Native Method) ~[?:?]
	at java.io.FileInputStream.read(FileInputStream.java:293) ~[?:?]
	at java.io.BufferedInputStream.read1(BufferedInputStream.java:311) ~[?:?]
	at java.io.BufferedInputStream.implRead(BufferedInputStream.java:386) ~[?:?]
	at java.io.BufferedInputStream.read(BufferedInputStream.java:365) ~[?:?]
	at sun.nio.cs.StreamDecoder.readBytes(StreamDecoder.java:333) ~[?:?]
	at sun.nio.cs.StreamDecoder.implRead(StreamDecoder.java:376) ~[?:?]
	at sun.nio.cs.StreamDecoder.lockedRead(StreamDecoder.java:219) ~[?:?]
	at sun.nio.cs.StreamDecoder.read(StreamDecoder.java:173) ~[?:?]
	at java.io.InputStreamReader.read(InputStreamReader.java:189) ~[?:?]
	at java.io.BufferedReader.fill(BufferedReader.java:161) ~[?:?]
	at java.io.BufferedReader.implReadLine(BufferedReader.java:371) ~[?:?]
	at java.io.BufferedReader.readLine(BufferedReader.java:348) ~[?:?]
	at java.io.BufferedReader.readLine(BufferedReader.java:437) ~[?:?]
	at ahe$1.run(SourceFile:89) ~[server-1.20.jar:?]
[17:44:55] [Server thread/INFO]: Starting Minecraft server on *:25565
[17:44:55] [Server thread/INFO]: Using default channel type
[17:44:55] [Server thread/WARN]: **** SERVER IS RUNNING IN OFFLINE/INSECURE MODE!
[17:44:55] [Server thread/WARN]: The server will make no attempt to authenticate usernames. Beware.
[17:44:55] [Server thread/WARN]: While this makes the game possible to play without internet access, it also opens up the ability for hackers to connect with any username they choose.
[17:44:55] [Server thread/WARN]: To change this, set "online-mode" to "true" in the server.properties file.
[17:44:55] [Server thread/INFO]: Preparing level "world"
[17:44:57] [Server thread/INFO]: Preparing start region for dimension minecraft:overworld
[17:44:58] [Worker-Main-5/INFO]: Preparing spawn area: 0%
[17:44:58] [Worker-Main-5/INFO]: Preparing spawn area: 0%
[17:44:58] [Worker-Main-4/INFO]: Preparing spawn area: 0%
[17:44:59] [Worker-Main-4/INFO]: Preparing spawn area: 1%
[17:44:59] [Worker-Main-7/INFO]: Preparing spawn area: 3%
[17:45:00] [Worker-Main-9/INFO]: Preparing spawn area: 5%
[17:45:00] [Worker-Main-2/INFO]: Preparing spawn area: 8%
[17:45:01] [Worker-Main-8/INFO]: Preparing spawn area: 11%
[17:45:01] [Worker-Main-9/INFO]: Preparing spawn area: 15%
[17:45:02] [Worker-Main-4/INFO]: Preparing spawn area: 18%
[17:45:02] [Worker-Main-7/INFO]: Preparing spawn area: 22%
[17:45:03] [Worker-Main-6/INFO]: Preparing spawn area: 26%
[17:45:03] [Worker-Main-3/INFO]: Preparing spawn area: 30%
[17:45:04] [Worker-Main-11/INFO]: Preparing spawn area: 34%
[17:45:04] [Worker-Main-5/INFO]: Preparing spawn area: 39%
[17:45:05] [Worker-Main-8/INFO]: Preparing spawn area: 43%
[17:45:05] [Worker-Main-10/INFO]: Preparing spawn area: 48%
[17:45:06] [Worker-Main-3/INFO]: Preparing spawn area: 52%
[17:45:06] [Worker-Main-7/INFO]: Preparing spawn area: 57%
[17:45:07] [Worker-Main-10/INFO]: Preparing spawn area: 62%
[17:45:07] [Worker-Main-8/INFO]: Preparing spawn area: 67%
[17:45:08] [Worker-Main-7/INFO]: Preparing spawn area: 71%
[17:45:08] [Worker-Main-6/INFO]: Preparing spawn area: 75%
[17:45:09] [Worker-Main-4/INFO]: Preparing spawn area: 81%
[17:45:09] [Worker-Main-11/INFO]: Preparing spawn area: 85%
[17:45:10] [Worker-Main-2/INFO]: Preparing spawn area: 90%
[17:45:10] [Worker-Main-11/INFO]: Preparing spawn area: 94%
[17:45:11] [Server thread/INFO]: Time elapsed: 13358 ms
[17:45:11] [Server thread/INFO]: Done (15.782s)! For help, type "help"
[17:45:13] [Server thread/INFO]: Stopping server
[17:45:13] [Server thread/INFO]: Saving players
[17:45:13] [Server thread/INFO]: Saving worlds
[17:45:14] [Server thread/INFO]: Saving chunks for level 'ServerLevel[world]'/minecraft:overworld
[17:45:16] [Server thread/INFO]: Saving chunks for level 'ServerLevel[world]'/minecraft:the_nether
[17:45:16] [Server thread/INFO]: Saving chunks for level 'ServerLevel[world]'/minecraft:the_end
[17:45:16] [Server thread/INFO]: ThreadedAnvilChunkStorage (world): All chunks are saved
[17:45:16] [Server thread/INFO]: ThreadedAnvilChunkStorage (DIM-1): All chunks are saved
[17:45:16] [Server thread/INFO]: ThreadedAnvilChunkStorage (DIM1): All chunks are saved
[17:45:16] [Server thread/INFO]: ThreadedAnvilChunkStorage: All dimensions are saved
